<?xml version="1.0" encoding="UTF-8"?>
<testsuite xmlns:xsi="http://www.w3.org/2001/XMLSchema-instance" xsi:noNamespaceSchemaLocation="https://maven.apache.org/surefire/maven-surefire-plugin/xsd/surefire-test-report-3.0.xsd" version="3.0" name="cucumberOption.TestRunner" time="7.803" tests="1" errors="0" skipped="0" failures="0">
  <properties>
    <property name="java.specification.version" value="17"/>
    <property name="sun.cpu.isalist" value="amd64"/>
    <property name="sun.jnu.encoding" value="Cp1252"/>
    <property name="java.class.path" value="C:\Users\RiteshKumar P\eclipse-workspace\LEnovoIP\target\test-classes;C:\Users\RiteshKumar P\eclipse-workspace\LEnovoIP\target\classes;C:\Users\RiteshKumar P\.m2\repository\junit\junit\4.13.2\junit-4.13.2.jar;C:\Users\RiteshKumar P\.m2\repository\io\rest-assured\rest-assured\5.3.0\rest-assured-5.3.0.jar;C:\Users\RiteshKumar P\.m2\repository\org\apache\groovy\groovy\4.0.6\groovy-4.0.6.jar;C:\Users\RiteshKumar P\.m2\repository\org\apache\groovy\groovy-xml\4.0.6\groovy-xml-4.0.6.jar;C:\Users\RiteshKumar P\.m2\repository\org\apache\httpcomponents\httpclient\4.5.13\httpclient-4.5.13.jar;C:\Users\RiteshKumar P\.m2\repository\org\apache\httpcomponents\httpcore\4.4.13\httpcore-4.4.13.jar;C:\Users\RiteshKumar P\.m2\repository\commons-logging\commons-logging\1.2\commons-logging-1.2.jar;C:\Users\RiteshKumar P\.m2\repository\commons-codec\commons-codec\1.11\commons-codec-1.11.jar;C:\Users\RiteshKumar P\.m2\repository\org\apache\httpcomponents\httpmime\4.5.13\httpmime-4.5.13.jar;C:\Users\RiteshKumar P\.m2\repository\org\ccil\cowan\tagsoup\tagsoup\1.2.1\tagsoup-1.2.1.jar;C:\Users\RiteshKumar P\.m2\repository\io\rest-assured\json-path\5.3.0\json-path-5.3.0.jar;C:\Users\RiteshKumar P\.m2\repository\org\apache\groovy\groovy-json\4.0.6\groovy-json-4.0.6.jar;C:\Users\RiteshKumar P\.m2\repository\io\rest-assured\rest-assured-common\5.3.0\rest-assured-common-5.3.0.jar;C:\Users\RiteshKumar P\.m2\repository\io\rest-assured\xml-path\5.3.0\xml-path-5.3.0.jar;C:\Users\RiteshKumar P\.m2\repository\org\testng\testng\7.8.0\testng-7.8.0.jar;C:\Users\RiteshKumar P\.m2\repository\org\slf4j\slf4j-api\1.7.36\slf4j-api-1.7.36.jar;C:\Users\RiteshKumar P\.m2\repository\com\beust\jcommander\1.82\jcommander-1.82.jar;C:\Users\RiteshKumar P\.m2\repository\org\webjars\jquery\3.6.1\jquery-3.6.1.jar;C:\Users\RiteshKumar P\.m2\repository\org\hamcrest\hamcrest\2.2\hamcrest-2.2.jar;C:\Users\RiteshKumar P\.m2\repository\org\hamcrest\hamcrest-core\2.2\hamcrest-core-2.2.jar;C:\Users\RiteshKumar P\.m2\repository\org\apache\logging\log4j\log4j-slf4j-impl\2.20.0\log4j-slf4j-impl-2.20.0.jar;C:\Users\RiteshKumar P\.m2\repository\org\apache\logging\log4j\log4j-api\2.20.0\log4j-api-2.20.0.jar;C:\Users\RiteshKumar P\.m2\repository\org\apache\logging\log4j\log4j-core\2.20.0\log4j-core-2.20.0.jar;C:\Users\RiteshKumar P\.m2\repository\org\awaitility\awaitility\4.2.0\awaitility-4.2.0.jar;C:\Users\RiteshKumar P\.m2\repository\com\fasterxml\jackson\core\jackson-databind\2.15.2\jackson-databind-2.15.2.jar;C:\Users\RiteshKumar P\.m2\repository\com\fasterxml\jackson\core\jackson-annotations\2.15.2\jackson-annotations-2.15.2.jar;C:\Users\RiteshKumar P\.m2\repository\com\fasterxml\jackson\core\jackson-core\2.15.2\jackson-core-2.15.2.jar;C:\Users\RiteshKumar P\.m2\repository\com\google\code\gson\gson\2.10.1\gson-2.10.1.jar;C:\Users\RiteshKumar P\.m2\repository\io\cucumber\cucumber-core\7.12.1\cucumber-core-7.12.1.jar;C:\Users\RiteshKumar P\.m2\repository\io\cucumber\cucumber-gherkin-messages\7.12.1\cucumber-gherkin-messages-7.12.1.jar;C:\Users\RiteshKumar P\.m2\repository\io\cucumber\messages\22.0.0\messages-22.0.0.jar;C:\Users\RiteshKumar P\.m2\repository\io\cucumber\tag-expressions\5.0.1\tag-expressions-5.0.1.jar;C:\Users\RiteshKumar P\.m2\repository\io\cucumber\cucumber-expressions\16.1.2\cucumber-expressions-16.1.2.jar;C:\Users\RiteshKumar P\.m2\repository\io\cucumber\datatable\7.12.1\datatable-7.12.1.jar;C:\Users\RiteshKumar P\.m2\repository\io\cucumber\cucumber-plugin\7.12.1\cucumber-plugin-7.12.1.jar;C:\Users\RiteshKumar P\.m2\repository\io\cucumber\docstring\7.12.1\docstring-7.12.1.jar;C:\Users\RiteshKumar P\.m2\repository\io\cucumber\html-formatter\20.3.1\html-formatter-20.3.1.jar;C:\Users\RiteshKumar P\.m2\repository\io\cucumber\junit-xml-formatter\0.2.0\junit-xml-formatter-0.2.0.jar;C:\Users\RiteshKumar P\.m2\repository\io\cucumber\ci-environment\9.2.0\ci-environment-9.2.0.jar;C:\Users\RiteshKumar P\.m2\repository\io\cucumber\cucumber-gherkin\7.12.1\cucumber-gherkin-7.12.1.jar;C:\Users\RiteshKumar P\.m2\repository\io\cucumber\cucumber-java\7.12.1\cucumber-java-7.12.1.jar;C:\Users\RiteshKumar P\.m2\repository\org\apiguardian\apiguardian-api\1.1.2\apiguardian-api-1.1.2.jar;C:\Users\RiteshKumar P\.m2\repository\io\cucumber\cucumber-junit\7.12.1\cucumber-junit-7.12.1.jar;C:\Users\RiteshKumar P\.m2\repository\io\cucumber\cucumber-jvm-deps\1.0.6\cucumber-jvm-deps-1.0.6.jar;C:\Users\RiteshKumar P\.m2\repository\net\masterthought\cucumber-reporting\5.7.6\cucumber-reporting-5.7.6.jar;C:\Users\RiteshKumar P\.m2\repository\com\fasterxml\jackson\datatype\jackson-datatype-jsr310\2.13.2\jackson-datatype-jsr310-2.13.2.jar;C:\Users\RiteshKumar P\.m2\repository\org\apache\velocity\velocity-engine-core\2.3\velocity-engine-core-2.3.jar;C:\Users\RiteshKumar P\.m2\repository\joda-time\joda-time\2.12.2\joda-time-2.12.2.jar;C:\Users\RiteshKumar P\.m2\repository\org\apache\commons\commons-lang3\3.12.0\commons-lang3-3.12.0.jar;C:\Users\RiteshKumar P\.m2\repository\commons-io\commons-io\2.7\commons-io-2.7.jar;C:\Users\RiteshKumar P\.m2\repository\org\codehaus\plexus\plexus-utils\3.5.1\plexus-utils-3.5.1.jar;C:\Users\RiteshKumar P\.m2\repository\org\jsoup\jsoup\1.16.1\jsoup-1.16.1.jar;C:\Users\RiteshKumar P\.m2\repository\com\googlecode\owasp-java-html-sanitizer\owasp-java-html-sanitizer\20220608.1\owasp-java-html-sanitizer-20220608.1.jar;C:\Users\RiteshKumar P\.m2\repository\com\google\guava\guava\30.1-jre\guava-30.1-jre.jar;C:\Users\RiteshKumar P\.m2\repository\com\google\guava\failureaccess\1.0.1\failureaccess-1.0.1.jar;C:\Users\RiteshKumar P\.m2\repository\com\google\guava\listenablefuture\9999.0-empty-to-avoid-conflict-with-guava\listenablefuture-9999.0-empty-to-avoid-conflict-with-guava.jar;C:\Users\RiteshKumar P\.m2\repository\com\google\code\findbugs\jsr305\3.0.2\jsr305-3.0.2.jar;C:\Users\RiteshKumar P\.m2\repository\org\checkerframework\checker-qual\3.5.0\checker-qual-3.5.0.jar;C:\Users\RiteshKumar P\.m2\repository\com\google\errorprone\error_prone_annotations\2.3.4\error_prone_annotations-2.3.4.jar;C:\Users\RiteshKumar P\.m2\repository\com\google\j2objc\j2objc-annotations\1.3\j2objc-annotations-1.3.jar;C:\Users\RiteshKumar P\.m2\repository\commons-configuration\commons-configuration\1.10\commons-configuration-1.10.jar;C:\Users\RiteshKumar P\.m2\repository\commons-lang\commons-lang\2.6\commons-lang-2.6.jar;C:\Users\RiteshKumar P\.m2\repository\io\cucumber\gherkin\26.2.0\gherkin-26.2.0.jar;C:\Users\RiteshKumar P\.m2\repository\org\mockito\mockito-all\2.0.2-beta\mockito-all-2.0.2-beta.jar;C:\Users\RiteshKumar P\.m2\repository\org\junit\jupiter\junit-jupiter-api\5.10.0-M1\junit-jupiter-api-5.10.0-M1.jar;C:\Users\RiteshKumar P\.m2\repository\org\junit\platform\junit-platform-commons\1.10.0-M1\junit-platform-commons-1.10.0-M1.jar;C:\Users\RiteshKumar P\.m2\repository\org\opentest4j\opentest4j\1.3.0-RC2\opentest4j-1.3.0-RC2.jar;"/>
    <property name="java.vm.vendor" value="Oracle Corporation"/>
    <property name="sun.arch.data.model" value="64"/>
    <property name="user.variant" value=""/>
    <property name="java.vendor.url" value="https://java.oracle.com/"/>
    <property name="user.timezone" value="Asia/Calcutta"/>
    <property name="os.name" value="Windows 10"/>
    <property name="java.vm.specification.version" value="17"/>
    <property name="sun.java.launcher" value="SUN_STANDARD"/>
    <property name="user.country" value="US"/>
    <property name="sun.boot.library.path" value="C:\Program Files\Java\jdk-17\bin"/>
    <property name="sun.java.command" value="C:\Users\RiteshKumar P\AppData\Local\Temp\surefire12250618173486513694\surefirebooter-20230707005805081_3.jar C:\Users\RiteshKumar P\AppData\Local\Temp\surefire12250618173486513694 2023-07-07T00-58-04_561-jvmRun1 surefire-20230707005805081_1tmp surefire_0-20230707005805081_2tmp"/>
    <property name="jdk.debug" value="release"/>
    <property name="surefire.test.class.path" value="C:\Users\RiteshKumar P\eclipse-workspace\LEnovoIP\target\test-classes;C:\Users\RiteshKumar P\eclipse-workspace\LEnovoIP\target\classes;C:\Users\RiteshKumar P\.m2\repository\junit\junit\4.13.2\junit-4.13.2.jar;C:\Users\RiteshKumar P\.m2\repository\io\rest-assured\rest-assured\5.3.0\rest-assured-5.3.0.jar;C:\Users\RiteshKumar P\.m2\repository\org\apache\groovy\groovy\4.0.6\groovy-4.0.6.jar;C:\Users\RiteshKumar P\.m2\repository\org\apache\groovy\groovy-xml\4.0.6\groovy-xml-4.0.6.jar;C:\Users\RiteshKumar P\.m2\repository\org\apache\httpcomponents\httpclient\4.5.13\httpclient-4.5.13.jar;C:\Users\RiteshKumar P\.m2\repository\org\apache\httpcomponents\httpcore\4.4.13\httpcore-4.4.13.jar;C:\Users\RiteshKumar P\.m2\repository\commons-logging\commons-logging\1.2\commons-logging-1.2.jar;C:\Users\RiteshKumar P\.m2\repository\commons-codec\commons-codec\1.11\commons-codec-1.11.jar;C:\Users\RiteshKumar P\.m2\repository\org\apache\httpcomponents\httpmime\4.5.13\httpmime-4.5.13.jar;C:\Users\RiteshKumar P\.m2\repository\org\ccil\cowan\tagsoup\tagsoup\1.2.1\tagsoup-1.2.1.jar;C:\Users\RiteshKumar P\.m2\repository\io\rest-assured\json-path\5.3.0\json-path-5.3.0.jar;C:\Users\RiteshKumar P\.m2\repository\org\apache\groovy\groovy-json\4.0.6\groovy-json-4.0.6.jar;C:\Users\RiteshKumar P\.m2\repository\io\rest-assured\rest-assured-common\5.3.0\rest-assured-common-5.3.0.jar;C:\Users\RiteshKumar P\.m2\repository\io\rest-assured\xml-path\5.3.0\xml-path-5.3.0.jar;C:\Users\RiteshKumar P\.m2\repository\org\testng\testng\7.8.0\testng-7.8.0.jar;C:\Users\RiteshKumar P\.m2\repository\org\slf4j\slf4j-api\1.7.36\slf4j-api-1.7.36.jar;C:\Users\RiteshKumar P\.m2\repository\com\beust\jcommander\1.82\jcommander-1.82.jar;C:\Users\RiteshKumar P\.m2\repository\org\webjars\jquery\3.6.1\jquery-3.6.1.jar;C:\Users\RiteshKumar P\.m2\repository\org\hamcrest\hamcrest\2.2\hamcrest-2.2.jar;C:\Users\RiteshKumar P\.m2\repository\org\hamcrest\hamcrest-core\2.2\hamcrest-core-2.2.jar;C:\Users\RiteshKumar P\.m2\repository\org\apache\logging\log4j\log4j-slf4j-impl\2.20.0\log4j-slf4j-impl-2.20.0.jar;C:\Users\RiteshKumar P\.m2\repository\org\apache\logging\log4j\log4j-api\2.20.0\log4j-api-2.20.0.jar;C:\Users\RiteshKumar P\.m2\repository\org\apache\logging\log4j\log4j-core\2.20.0\log4j-core-2.20.0.jar;C:\Users\RiteshKumar P\.m2\repository\org\awaitility\awaitility\4.2.0\awaitility-4.2.0.jar;C:\Users\RiteshKumar P\.m2\repository\com\fasterxml\jackson\core\jackson-databind\2.15.2\jackson-databind-2.15.2.jar;C:\Users\RiteshKumar P\.m2\repository\com\fasterxml\jackson\core\jackson-annotations\2.15.2\jackson-annotations-2.15.2.jar;C:\Users\RiteshKumar P\.m2\repository\com\fasterxml\jackson\core\jackson-core\2.15.2\jackson-core-2.15.2.jar;C:\Users\RiteshKumar P\.m2\repository\com\google\code\gson\gson\2.10.1\gson-2.10.1.jar;C:\Users\RiteshKumar P\.m2\repository\io\cucumber\cucumber-core\7.12.1\cucumber-core-7.12.1.jar;C:\Users\RiteshKumar P\.m2\repository\io\cucumber\cucumber-gherkin-messages\7.12.1\cucumber-gherkin-messages-7.12.1.jar;C:\Users\RiteshKumar P\.m2\repository\io\cucumber\messages\22.0.0\messages-22.0.0.jar;C:\Users\RiteshKumar P\.m2\repository\io\cucumber\tag-expressions\5.0.1\tag-expressions-5.0.1.jar;C:\Users\RiteshKumar P\.m2\repository\io\cucumber\cucumber-expressions\16.1.2\cucumber-expressions-16.1.2.jar;C:\Users\RiteshKumar P\.m2\repository\io\cucumber\datatable\7.12.1\datatable-7.12.1.jar;C:\Users\RiteshKumar P\.m2\repository\io\cucumber\cucumber-plugin\7.12.1\cucumber-plugin-7.12.1.jar;C:\Users\RiteshKumar P\.m2\repository\io\cucumber\docstring\7.12.1\docstring-7.12.1.jar;C:\Users\RiteshKumar P\.m2\repository\io\cucumber\html-formatter\20.3.1\html-formatter-20.3.1.jar;C:\Users\RiteshKumar P\.m2\repository\io\cucumber\junit-xml-formatter\0.2.0\junit-xml-formatter-0.2.0.jar;C:\Users\RiteshKumar P\.m2\repository\io\cucumber\ci-environment\9.2.0\ci-environment-9.2.0.jar;C:\Users\RiteshKumar P\.m2\repository\io\cucumber\cucumber-gherkin\7.12.1\cucumber-gherkin-7.12.1.jar;C:\Users\RiteshKumar P\.m2\repository\io\cucumber\cucumber-java\7.12.1\cucumber-java-7.12.1.jar;C:\Users\RiteshKumar P\.m2\repository\org\apiguardian\apiguardian-api\1.1.2\apiguardian-api-1.1.2.jar;C:\Users\RiteshKumar P\.m2\repository\io\cucumber\cucumber-junit\7.12.1\cucumber-junit-7.12.1.jar;C:\Users\RiteshKumar P\.m2\repository\io\cucumber\cucumber-jvm-deps\1.0.6\cucumber-jvm-deps-1.0.6.jar;C:\Users\RiteshKumar P\.m2\repository\net\masterthought\cucumber-reporting\5.7.6\cucumber-reporting-5.7.6.jar;C:\Users\RiteshKumar P\.m2\repository\com\fasterxml\jackson\datatype\jackson-datatype-jsr310\2.13.2\jackson-datatype-jsr310-2.13.2.jar;C:\Users\RiteshKumar P\.m2\repository\org\apache\velocity\velocity-engine-core\2.3\velocity-engine-core-2.3.jar;C:\Users\RiteshKumar P\.m2\repository\joda-time\joda-time\2.12.2\joda-time-2.12.2.jar;C:\Users\RiteshKumar P\.m2\repository\org\apache\commons\commons-lang3\3.12.0\commons-lang3-3.12.0.jar;C:\Users\RiteshKumar P\.m2\repository\commons-io\commons-io\2.7\commons-io-2.7.jar;C:\Users\RiteshKumar P\.m2\repository\org\codehaus\plexus\plexus-utils\3.5.1\plexus-utils-3.5.1.jar;C:\Users\RiteshKumar P\.m2\repository\org\jsoup\jsoup\1.16.1\jsoup-1.16.1.jar;C:\Users\RiteshKumar P\.m2\repository\com\googlecode\owasp-java-html-sanitizer\owasp-java-html-sanitizer\20220608.1\owasp-java-html-sanitizer-20220608.1.jar;C:\Users\RiteshKumar P\.m2\repository\com\google\guava\guava\30.1-jre\guava-30.1-jre.jar;C:\Users\RiteshKumar P\.m2\repository\com\google\guava\failureaccess\1.0.1\failureaccess-1.0.1.jar;C:\Users\RiteshKumar P\.m2\repository\com\google\guava\listenablefuture\9999.0-empty-to-avoid-conflict-with-guava\listenablefuture-9999.0-empty-to-avoid-conflict-with-guava.jar;C:\Users\RiteshKumar P\.m2\repository\com\google\code\findbugs\jsr305\3.0.2\jsr305-3.0.2.jar;C:\Users\RiteshKumar P\.m2\repository\org\checkerframework\checker-qual\3.5.0\checker-qual-3.5.0.jar;C:\Users\RiteshKumar P\.m2\repository\com\google\errorprone\error_prone_annotations\2.3.4\error_prone_annotations-2.3.4.jar;C:\Users\RiteshKumar P\.m2\repository\com\google\j2objc\j2objc-annotations\1.3\j2objc-annotations-1.3.jar;C:\Users\RiteshKumar P\.m2\repository\commons-configuration\commons-configuration\1.10\commons-configuration-1.10.jar;C:\Users\RiteshKumar P\.m2\repository\commons-lang\commons-lang\2.6\commons-lang-2.6.jar;C:\Users\RiteshKumar P\.m2\repository\io\cucumber\gherkin\26.2.0\gherkin-26.2.0.jar;C:\Users\RiteshKumar P\.m2\repository\org\mockito\mockito-all\2.0.2-beta\mockito-all-2.0.2-beta.jar;C:\Users\RiteshKumar P\.m2\repository\org\junit\jupiter\junit-jupiter-api\5.10.0-M1\junit-jupiter-api-5.10.0-M1.jar;C:\Users\RiteshKumar P\.m2\repository\org\junit\platform\junit-platform-commons\1.10.0-M1\junit-platform-commons-1.10.0-M1.jar;C:\Users\RiteshKumar P\.m2\repository\org\opentest4j\opentest4j\1.3.0-RC2\opentest4j-1.3.0-RC2.jar;"/>
    <property name="sun.cpu.endian" value="little"/>
    <property name="user.home" value="C:\Users\RiteshKumar P"/>
    <property name="user.language" value="en"/>
    <property name="java.specification.vendor" value="Oracle Corporation"/>
    <property name="java.version.date" value="2023-04-18"/>
    <property name="java.home" value="C:\Program Files\Java\jdk-17"/>
    <property name="file.separator" value="\"/>
    <property name="basedir" value="C:\Users\RiteshKumar P\eclipse-workspace\LEnovoIP"/>
    <property name="java.vm.compressedOopsMode" value="32-bit"/>
    <property name="line.separator" value="&#10;"/>
    <property name="java.vm.specification.vendor" value="Oracle Corporation"/>
    <property name="java.specification.name" value="Java Platform API Specification"/>
    <property name="surefire.real.class.path" value="C:\Users\RiteshKumar P\AppData\Local\Temp\surefire12250618173486513694\surefirebooter-20230707005805081_3.jar"/>
    <property name="user.script" value=""/>
    <property name="sun.management.compiler" value="HotSpot 64-Bit Tiered Compilers"/>
    <property name="java.runtime.version" value="17.0.7+8-LTS-224"/>
    <property name="user.name" value="RiteshKumar P"/>
    <property name="path.separator" value=";"/>
    <property name="os.version" value="10.0"/>
    <property name="java.runtime.name" value="Java(TM) SE Runtime Environment"/>
    <property name="file.encoding" value="Cp1252"/>
    <property name="java.vm.name" value="Java HotSpot(TM) 64-Bit Server VM"/>
    <property name="localRepository" value="C:\Users\RiteshKumar P\.m2\repository"/>
    <property name="java.vendor.url.bug" value="https://bugreport.java.com/bugreport/"/>
    <property name="java.io.tmpdir" value="C:\Users\RITESH~1\AppData\Local\Temp\"/>
    <property name="java.version" value="17.0.7"/>
    <property name="user.dir" value="C:\Users\RiteshKumar P\eclipse-workspace\LEnovoIP"/>
    <property name="os.arch" value="amd64"/>
    <property name="java.vm.specification.name" value="Java Virtual Machine Specification"/>
    <property name="sun.os.patch.level" value=""/>
    <property name="native.encoding" value="Cp1252"/>
    <property name="java.library.path" value="C:\Program Files\Java\jdk-17\bin;C:\Windows\Sun\Java\bin;C:\Windows\system32;C:\Windows;C:\Program Files\Common Files\Oracle\Java\javapath;C:\Windows\system32;C:\Windows;C:\Windows\System32\Wbem;C:\Windows\System32\WindowsPowerShell\v1.0\;C:\Windows\System32\OpenSSH\;C:\Program Files\apache-maven-3.9.2-bin\apache-maven-3.9.2\bin;C:\Users\RiteshKumar P\AppData\Local\Microsoft\WindowsApps;;."/>
    <property name="java.vm.info" value="mixed mode, sharing"/>
    <property name="java.vendor" value="Oracle Corporation"/>
    <property name="java.vm.version" value="17.0.7+8-LTS-224"/>
    <property name="sun.io.unicode.encoding" value="UnicodeLittle"/>
    <property name="java.class.version" value="61.0"/>
  </properties>
  <testcase name="Verify if Place is being Successfully added using AddPlaceAPI" classname="Validating Place API&apos;s" time="6.502">
    <system-out><![CDATA[d0dea6091c4a14430d5801af92f72f11
ActualName: Abhishek  Amitabh  Srivastav
Expectedname : Abhishek  Amitabh  Srivastav
]]></system-out>
  </testcase>
</testsuite>